2026-01-18T17:10:00.167-05:00  INFO 82011 --- [Amazing project] [main] c.a.project.AmazingProjectApplication    : Starting AmazingProjectApplication using Java 23.0.2 with PID 82011 (/Users/ankitjain/IdeaProjects/AmazingProject/target/classes started by ankitjain in /Users/ankitjain/IdeaProjects/AmazingProject)
2026-01-18T17:10:00.168-05:00  INFO 82011 --- [Amazing project] [main] c.a.project.AmazingProjectApplication    : No active profile set, falling back to 1 default profile: "default"
2026-01-18T17:10:00.418-05:00  INFO 82011 --- [Amazing project] [main] o.s.boot.tomcat.TomcatWebServer          : Tomcat initialized with port 9000 (http)
2026-01-18T17:10:00.422-05:00  INFO 82011 --- [Amazing project] [main] o.apache.catalina.core.StandardService   : Starting service [Tomcat]
2026-01-18T17:10:00.422-05:00  INFO 82011 --- [Amazing project] [main] o.apache.catalina.core.StandardEngine    : Starting Servlet engine: [Apache Tomcat/11.0.15]
2026-01-18T17:10:00.433-05:00  INFO 82011 --- [Amazing project] [main] b.w.c.s.WebApplicationContextInitializer : Root WebApplicationContext: initialization completed in 237 ms
2026-01-18T17:10:00.534-05:00  INFO 82011 --- [Amazing project] [main] o.s.boot.tomcat.TomcatWebServer          : Tomcat started on port 9000 (http) with context path '/'
2026-01-18T17:10:00.536-05:00  INFO 82011 --- [Amazing project] [main] c.a.project.AmazingProjectApplication    : Started AmazingProjectApplication in 0.532 seconds (process running for 0.783)
2026-01-18T17:10:20.975-05:00  INFO 82011 --- [Amazing project] [SpringApplicationShutdownHook] o.s.boot.tomcat.GracefulShutdown         : Commencing graceful shutdown. Waiting for active requests to complete
2026-01-18T17:10:20.977-05:00  INFO 82011 --- [Amazing project] [tomcat-shutdown] o.s.boot.tomcat.GracefulShutdown         : Graceful shutdown complete
2026-01-18T17:18:48.181-05:00  INFO 83230 --- [Amazing project] [main] c.a.project.AmazingProjectApplication    : Starting AmazingProjectApplication using Java 23.0.2 with PID 83230 (/Users/ankitjain/IdeaProjects/AmazingProject/target/classes started by ankitjain in /Users/ankitjain/IdeaProjects/AmazingProject)
2026-01-18T17:18:48.182-05:00  INFO 83230 --- [Amazing project] [main] c.a.project.AmazingProjectApplication    : No active profile set, falling back to 1 default profile: "default"
2026-01-18T17:18:48.404-05:00  INFO 83230 --- [Amazing project] [main] o.s.boot.tomcat.TomcatWebServer          : Tomcat initialized with port 9000 (http)
2026-01-18T17:18:48.408-05:00  INFO 83230 --- [Amazing project] [main] o.apache.catalina.core.StandardService   : Starting service [Tomcat]
2026-01-18T17:18:48.408-05:00  INFO 83230 --- [Amazing project] [main] o.apache.catalina.core.StandardEngine    : Starting Servlet engine: [Apache Tomcat/11.0.15]
2026-01-18T17:18:48.423-05:00  INFO 83230 --- [Amazing project] [main] b.w.c.s.WebApplicationContextInitializer : Root WebApplicationContext: initialization completed in 224 ms
2026-01-18T17:18:48.530-05:00  WARN 83230 --- [Amazing project] [main] ConfigServletWebServerApplicationContext : Exception encountered during context initialization - cancelling refresh attempt: org.springframework.context.ApplicationContextException: Failed to start bean 'webServerStartStop'
2026-01-18T17:18:48.533-05:00  INFO 83230 --- [Amazing project] [main] .s.b.a.l.ConditionEvaluationReportLogger : 

Error starting ApplicationContext. To display the condition evaluation report re-run your application with 'debug' enabled.
2026-01-18T17:18:48.536-05:00 ERROR 83230 --- [Amazing project] [main] o.s.b.d.LoggingFailureAnalysisReporter   : 

***************************
APPLICATION FAILED TO START
***************************

Description:

Web server failed to start. Port 9000 was already in use.

Action:

Identify and stop the process that's listening on port 9000 or configure this application to listen on another port.

2026-01-18T17:18:58.162-05:00  INFO 83236 --- [Amazing project] [main] c.a.project.AmazingProjectApplication    : Starting AmazingProjectApplication using Java 23.0.2 with PID 83236 (/Users/ankitjain/IdeaProjects/AmazingProject/target/classes started by ankitjain in /Users/ankitjain/IdeaProjects/AmazingProject)
2026-01-18T17:18:58.163-05:00  INFO 83236 --- [Amazing project] [main] c.a.project.AmazingProjectApplication    : No active profile set, falling back to 1 default profile: "default"
2026-01-18T17:18:58.384-05:00  INFO 83236 --- [Amazing project] [main] o.s.boot.tomcat.TomcatWebServer          : Tomcat initialized with port 9000 (http)
2026-01-18T17:18:58.388-05:00  INFO 83236 --- [Amazing project] [main] o.apache.catalina.core.StandardService   : Starting service [Tomcat]
2026-01-18T17:18:58.388-05:00  INFO 83236 --- [Amazing project] [main] o.apache.catalina.core.StandardEngine    : Starting Servlet engine: [Apache Tomcat/11.0.15]
2026-01-18T17:18:58.402-05:00  INFO 83236 --- [Amazing project] [main] b.w.c.s.WebApplicationContextInitializer : Root WebApplicationContext: initialization completed in 222 ms
2026-01-18T17:18:58.500-05:00  INFO 83236 --- [Amazing project] [main] o.s.boot.tomcat.TomcatWebServer          : Tomcat started on port 9000 (http) with context path '/'
2026-01-18T17:18:58.503-05:00  INFO 83236 --- [Amazing project] [main] c.a.project.AmazingProjectApplication    : Started AmazingProjectApplication in 0.555 seconds (process running for 0.857)
2026-01-18T17:19:03.934-05:00  INFO 83236 --- [Amazing project] [http-nio-9000-exec-1] o.a.c.c.C.[Tomcat].[localhost].[/]       : Initializing Spring DispatcherServlet 'dispatcherServlet'
2026-01-18T17:19:03.934-05:00  INFO 83236 --- [Amazing project] [http-nio-9000-exec-1] o.s.web.servlet.DispatcherServlet        : Initializing Servlet 'dispatcherServlet'
2026-01-18T17:19:03.935-05:00  INFO 83236 --- [Amazing project] [http-nio-9000-exec-1] o.s.web.servlet.DispatcherServlet        : Completed initialization in 1 ms
2026-01-18T17:21:32.567-05:00  INFO 83236 --- [Amazing project] [SpringApplicationShutdownHook] o.s.boot.tomcat.GracefulShutdown         : Commencing graceful shutdown. Waiting for active requests to complete
2026-01-18T17:21:32.569-05:00  INFO 83236 --- [Amazing project] [tomcat-shutdown] o.s.boot.tomcat.GracefulShutdown         : Graceful shutdown complete
2026-01-18T17:21:34.129-05:00  INFO 83324 --- [Amazing project] [main] c.a.project.AmazingProjectApplication    : Starting AmazingProjectApplication using Java 23.0.2 with PID 83324 (/Users/ankitjain/IdeaProjects/AmazingProject/target/classes started by ankitjain in /Users/ankitjain/IdeaProjects/AmazingProject)
2026-01-18T17:21:34.131-05:00  INFO 83324 --- [Amazing project] [main] c.a.project.AmazingProjectApplication    : No active profile set, falling back to 1 default profile: "default"
2026-01-18T17:21:34.352-05:00  INFO 83324 --- [Amazing project] [main] o.s.boot.tomcat.TomcatWebServer          : Tomcat initialized with port 9000 (http)
2026-01-18T17:21:34.357-05:00  INFO 83324 --- [Amazing project] [main] o.apache.catalina.core.StandardService   : Starting service [Tomcat]
2026-01-18T17:21:34.357-05:00  INFO 83324 --- [Amazing project] [main] o.apache.catalina.core.StandardEngine    : Starting Servlet engine: [Apache Tomcat/11.0.15]
2026-01-18T17:21:34.372-05:00  INFO 83324 --- [Amazing project] [main] b.w.c.s.WebApplicationContextInitializer : Root WebApplicationContext: initialization completed in 223 ms
2026-01-18T17:21:34.472-05:00  INFO 83324 --- [Amazing project] [main] o.s.boot.tomcat.TomcatWebServer          : Tomcat started on port 9000 (http) with context path '/'
2026-01-18T17:21:34.474-05:00  INFO 83324 --- [Amazing project] [main] c.a.project.AmazingProjectApplication    : Started AmazingProjectApplication in 0.519 seconds (process running for 0.779)
2026-01-18T17:21:49.508-05:00  INFO 83324 --- [Amazing project] [http-nio-9000-exec-1] o.a.c.c.C.[Tomcat].[localhost].[/]       : Initializing Spring DispatcherServlet 'dispatcherServlet'
2026-01-18T17:21:49.508-05:00  INFO 83324 --- [Amazing project] [http-nio-9000-exec-1] o.s.web.servlet.DispatcherServlet        : Initializing Servlet 'dispatcherServlet'
2026-01-18T17:21:49.509-05:00  INFO 83324 --- [Amazing project] [http-nio-9000-exec-1] o.s.web.servlet.DispatcherServlet        : Completed initialization in 1 ms
2026-01-18T17:23:11.304-05:00  INFO 83364 --- [Amazing project] [main] c.a.project.AmazingProjectApplication    : Starting AmazingProjectApplication using Java 23.0.2 with PID 83364 (/Users/ankitjain/IdeaProjects/AmazingProject/target/classes started by ankitjain in /Users/ankitjain/IdeaProjects/AmazingProject)
2026-01-18T17:23:11.305-05:00  INFO 83364 --- [Amazing project] [main] c.a.project.AmazingProjectApplication    : No active profile set, falling back to 1 default profile: "default"
2026-01-18T17:23:11.547-05:00  INFO 83364 --- [Amazing project] [main] o.s.boot.tomcat.TomcatWebServer          : Tomcat initialized with port 9000 (http)
2026-01-18T17:23:11.556-05:00  INFO 83364 --- [Amazing project] [main] o.apache.catalina.core.StandardService   : Starting service [Tomcat]
2026-01-18T17:23:11.556-05:00  INFO 83364 --- [Amazing project] [main] o.apache.catalina.core.StandardEngine    : Starting Servlet engine: [Apache Tomcat/11.0.15]
2026-01-18T17:23:11.567-05:00  INFO 83364 --- [Amazing project] [main] b.w.c.s.WebApplicationContextInitializer : Root WebApplicationContext: initialization completed in 239 ms
2026-01-18T17:23:11.668-05:00  INFO 83364 --- [Amazing project] [main] o.s.boot.tomcat.TomcatWebServer          : Tomcat started on port 9000 (http) with context path '/'
2026-01-18T17:23:11.670-05:00  INFO 83364 --- [Amazing project] [main] c.a.project.AmazingProjectApplication    : Started AmazingProjectApplication in 0.582 seconds (process running for 0.845)
2026-01-18T17:23:25.274-05:00  INFO 83364 --- [Amazing project] [http-nio-9000-exec-2] o.a.c.c.C.[Tomcat].[localhost].[/]       : Initializing Spring DispatcherServlet 'dispatcherServlet'
2026-01-18T17:23:25.274-05:00  INFO 83364 --- [Amazing project] [http-nio-9000-exec-2] o.s.web.servlet.DispatcherServlet        : Initializing Servlet 'dispatcherServlet'
2026-01-18T17:23:25.275-05:00  INFO 83364 --- [Amazing project] [http-nio-9000-exec-2] o.s.web.servlet.DispatcherServlet        : Completed initialization in 0 ms
2026-01-18T17:24:36.762-05:00  INFO 83364 --- [Amazing project] [SpringApplicationShutdownHook] o.s.boot.tomcat.GracefulShutdown         : Commencing graceful shutdown. Waiting for active requests to complete
2026-01-18T17:24:36.765-05:00  INFO 83364 --- [Amazing project] [tomcat-shutdown] o.s.boot.tomcat.GracefulShutdown         : Graceful shutdown complete
2026-01-18T17:24:38.012-05:00  INFO 83410 --- [Amazing project] [main] c.a.project.AmazingProjectApplication    : Starting AmazingProjectApplication using Java 23.0.2 with PID 83410 (/Users/ankitjain/IdeaProjects/AmazingProject/target/classes started by ankitjain in /Users/ankitjain/IdeaProjects/AmazingProject)
2026-01-18T17:24:38.013-05:00  INFO 83410 --- [Amazing project] [main] c.a.project.AmazingProjectApplication    : No active profile set, falling back to 1 default profile: "default"
2026-01-18T17:24:38.240-05:00  INFO 83410 --- [Amazing project] [main] o.s.boot.tomcat.TomcatWebServer          : Tomcat initialized with port 9001 (http)
2026-01-18T17:24:38.245-05:00  INFO 83410 --- [Amazing project] [main] o.apache.catalina.core.StandardService   : Starting service [Tomcat]
2026-01-18T17:24:38.245-05:00  INFO 83410 --- [Amazing project] [main] o.apache.catalina.core.StandardEngine    : Starting Servlet engine: [Apache Tomcat/11.0.15]
2026-01-18T17:24:38.256-05:00  INFO 83410 --- [Amazing project] [main] b.w.c.s.WebApplicationContextInitializer : Root WebApplicationContext: initialization completed in 222 ms
2026-01-18T17:24:38.363-05:00  INFO 83410 --- [Amazing project] [main] o.s.boot.tomcat.TomcatWebServer          : Tomcat started on port 9001 (http) with context path '/'
2026-01-18T17:24:38.366-05:00  INFO 83410 --- [Amazing project] [main] c.a.project.AmazingProjectApplication    : Started AmazingProjectApplication in 0.524 seconds (process running for 0.8)
2026-01-18T17:24:54.055-05:00  INFO 83410 --- [Amazing project] [http-nio-9001-exec-1] o.a.c.c.C.[Tomcat].[localhost].[/]       : Initializing Spring DispatcherServlet 'dispatcherServlet'
2026-01-18T17:24:54.055-05:00  INFO 83410 --- [Amazing project] [http-nio-9001-exec-1] o.s.web.servlet.DispatcherServlet        : Initializing Servlet 'dispatcherServlet'
2026-01-18T17:24:54.057-05:00  INFO 83410 --- [Amazing project] [http-nio-9001-exec-1] o.s.web.servlet.DispatcherServlet        : Completed initialization in 1 ms
2026-01-18T17:26:30.173-05:00  INFO 83410 --- [Amazing project] [SpringApplicationShutdownHook] o.s.boot.tomcat.GracefulShutdown         : Commencing graceful shutdown. Waiting for active requests to complete
2026-01-18T17:26:30.175-05:00  INFO 83410 --- [Amazing project] [tomcat-shutdown] o.s.boot.tomcat.GracefulShutdown         : Graceful shutdown complete
2026-01-18T17:26:31.319-05:00  INFO 83459 --- [Amazing project] [main] c.a.project.AmazingProjectApplication    : Starting AmazingProjectApplication using Java 23.0.2 with PID 83459 (/Users/ankitjain/IdeaProjects/AmazingProject/target/classes started by ankitjain in /Users/ankitjain/IdeaProjects/AmazingProject)
2026-01-18T17:26:31.321-05:00  INFO 83459 --- [Amazing project] [main] c.a.project.AmazingProjectApplication    : No active profile set, falling back to 1 default profile: "default"
2026-01-18T17:26:31.547-05:00  INFO 83459 --- [Amazing project] [main] o.s.boot.tomcat.TomcatWebServer          : Tomcat initialized with port 8090 (http)
2026-01-18T17:26:31.552-05:00  INFO 83459 --- [Amazing project] [main] o.apache.catalina.core.StandardService   : Starting service [Tomcat]
2026-01-18T17:26:31.552-05:00  INFO 83459 --- [Amazing project] [main] o.apache.catalina.core.StandardEngine    : Starting Servlet engine: [Apache Tomcat/11.0.15]
2026-01-18T17:26:31.567-05:00  INFO 83459 --- [Amazing project] [main] b.w.c.s.WebApplicationContextInitializer : Root WebApplicationContext: initialization completed in 224 ms
2026-01-18T17:26:31.668-05:00  INFO 83459 --- [Amazing project] [main] o.s.boot.tomcat.TomcatWebServer          : Tomcat started on port 8090 (http) with context path '/'
2026-01-18T17:26:31.670-05:00  INFO 83459 --- [Amazing project] [main] c.a.project.AmazingProjectApplication    : Started AmazingProjectApplication in 0.537 seconds (process running for 0.802)
2026-01-18T17:26:47.818-05:00  INFO 83459 --- [Amazing project] [http-nio-8090-exec-1] o.a.c.c.C.[Tomcat].[localhost].[/]       : Initializing Spring DispatcherServlet 'dispatcherServlet'
2026-01-18T17:26:47.818-05:00  INFO 83459 --- [Amazing project] [http-nio-8090-exec-1] o.s.web.servlet.DispatcherServlet        : Initializing Servlet 'dispatcherServlet'
2026-01-18T17:26:47.819-05:00  INFO 83459 --- [Amazing project] [http-nio-8090-exec-1] o.s.web.servlet.DispatcherServlet        : Completed initialization in 1 ms
2026-01-18T17:27:27.273-05:00  INFO 83459 --- [Amazing project] [SpringApplicationShutdownHook] o.s.boot.tomcat.GracefulShutdown         : Commencing graceful shutdown. Waiting for active requests to complete
2026-01-18T17:27:27.276-05:00  INFO 83459 --- [Amazing project] [tomcat-shutdown] o.s.boot.tomcat.GracefulShutdown         : Graceful shutdown complete
2026-01-18T17:29:40.915-05:00  INFO 84308 --- [Amazing project] [main] c.a.project.AmazingProjectApplication    : Starting AmazingProjectApplication using Java 23.0.2 with PID 84308 (/Users/ankitjain/IdeaProjects/AmazingProject/target/classes started by ankitjain in /Users/ankitjain/IdeaProjects/AmazingProject)
2026-01-18T17:29:40.916-05:00  INFO 84308 --- [Amazing project] [main] c.a.project.AmazingProjectApplication    : No active profile set, falling back to 1 default profile: "default"
2026-01-18T17:29:41.140-05:00  INFO 84308 --- [Amazing project] [main] o.s.boot.tomcat.TomcatWebServer          : Tomcat initialized with port 8090 (http)
2026-01-18T17:29:41.145-05:00  INFO 84308 --- [Amazing project] [main] o.apache.catalina.core.StandardService   : Starting service [Tomcat]
2026-01-18T17:29:41.145-05:00  INFO 84308 --- [Amazing project] [main] o.apache.catalina.core.StandardEngine    : Starting Servlet engine: [Apache Tomcat/11.0.15]
2026-01-18T17:29:41.159-05:00  INFO 84308 --- [Amazing project] [main] b.w.c.s.WebApplicationContextInitializer : Root WebApplicationContext: initialization completed in 227 ms
2026-01-18T17:29:41.262-05:00  INFO 84308 --- [Amazing project] [main] o.s.boot.tomcat.TomcatWebServer          : Tomcat started on port 8090 (http) with context path '/'
2026-01-18T17:29:41.265-05:00  INFO 84308 --- [Amazing project] [main] c.a.project.AmazingProjectApplication    : Started AmazingProjectApplication in 0.561 seconds (process running for 0.893)
2026-01-18T17:29:58.544-05:00  INFO 84308 --- [Amazing project] [http-nio-8090-exec-1] o.a.c.c.C.[Tomcat].[localhost].[/]       : Initializing Spring DispatcherServlet 'dispatcherServlet'
2026-01-18T17:29:58.545-05:00  INFO 84308 --- [Amazing project] [http-nio-8090-exec-1] o.s.web.servlet.DispatcherServlet        : Initializing Servlet 'dispatcherServlet'
2026-01-18T17:29:58.546-05:00  INFO 84308 --- [Amazing project] [http-nio-8090-exec-1] o.s.web.servlet.DispatcherServlet        : Completed initialization in 1 ms
2026-01-18T17:31:21.833-05:00  INFO 84308 --- [Amazing project] [SpringApplicationShutdownHook] o.s.boot.tomcat.GracefulShutdown         : Commencing graceful shutdown. Waiting for active requests to complete
2026-01-18T17:31:21.839-05:00  INFO 84308 --- [Amazing project] [tomcat-shutdown] o.s.boot.tomcat.GracefulShutdown         : Graceful shutdown complete
2026-01-18T17:31:23.342-05:00  INFO 84353 --- [Amazing project] [main] c.a.project.AmazingProjectApplication    : Starting AmazingProjectApplication using Java 23.0.2 with PID 84353 (/Users/ankitjain/IdeaProjects/AmazingProject/target/classes started by ankitjain in /Users/ankitjain/IdeaProjects/AmazingProject)
2026-01-18T17:31:23.343-05:00  INFO 84353 --- [Amazing project] [main] c.a.project.AmazingProjectApplication    : No active profile set, falling back to 1 default profile: "default"
2026-01-18T17:31:23.560-05:00  INFO 84353 --- [Amazing project] [main] o.s.boot.tomcat.TomcatWebServer          : Tomcat initialized with port 8001 (http)
2026-01-18T17:31:23.564-05:00  INFO 84353 --- [Amazing project] [main] o.apache.catalina.core.StandardService   : Starting service [Tomcat]
2026-01-18T17:31:23.564-05:00  INFO 84353 --- [Amazing project] [main] o.apache.catalina.core.StandardEngine    : Starting Servlet engine: [Apache Tomcat/11.0.15]
2026-01-18T17:31:23.580-05:00  INFO 84353 --- [Amazing project] [main] b.w.c.s.WebApplicationContextInitializer : Root WebApplicationContext: initialization completed in 222 ms
2026-01-18T17:31:23.677-05:00  INFO 84353 --- [Amazing project] [main] o.s.boot.tomcat.TomcatWebServer          : Tomcat started on port 8001 (http) with context path '/'
2026-01-18T17:31:23.679-05:00  INFO 84353 --- [Amazing project] [main] c.a.project.AmazingProjectApplication    : Started AmazingProjectApplication in 0.503 seconds (process running for 0.758)
2026-01-18T17:32:34.736-05:00  INFO 84353 --- [Amazing project] [http-nio-8001-exec-1] o.a.c.c.C.[Tomcat].[localhost].[/]       : Initializing Spring DispatcherServlet 'dispatcherServlet'
2026-01-18T17:32:34.736-05:00  INFO 84353 --- [Amazing project] [http-nio-8001-exec-1] o.s.web.servlet.DispatcherServlet        : Initializing Servlet 'dispatcherServlet'
2026-01-18T17:32:34.738-05:00  INFO 84353 --- [Amazing project] [http-nio-8001-exec-1] o.s.web.servlet.DispatcherServlet        : Completed initialization in 1 ms
2026-01-18T17:35:44.089-05:00  INFO 84353 --- [Amazing project] [SpringApplicationShutdownHook] o.s.boot.tomcat.GracefulShutdown         : Commencing graceful shutdown. Waiting for active requests to complete
2026-01-18T17:35:44.092-05:00  INFO 84353 --- [Amazing project] [tomcat-shutdown] o.s.boot.tomcat.GracefulShutdown         : Graceful shutdown complete
2026-01-18T17:35:47.763-05:00  INFO 84512 --- [Amazing project] [main] c.a.project.AmazingProjectApplication    : Starting AmazingProjectApplication using Java 23.0.2 with PID 84512 (/Users/ankitjain/IdeaProjects/AmazingProject/target/classes started by ankitjain in /Users/ankitjain/IdeaProjects/AmazingProject)
2026-01-18T17:35:47.764-05:00  INFO 84512 --- [Amazing project] [main] c.a.project.AmazingProjectApplication    : No active profile set, falling back to 1 default profile: "default"
2026-01-18T17:35:47.991-05:00  INFO 84512 --- [Amazing project] [main] o.s.boot.tomcat.TomcatWebServer          : Tomcat initialized with port 8001 (http)
2026-01-18T17:35:47.996-05:00  INFO 84512 --- [Amazing project] [main] o.apache.catalina.core.StandardService   : Starting service [Tomcat]
2026-01-18T17:35:47.996-05:00  INFO 84512 --- [Amazing project] [main] o.apache.catalina.core.StandardEngine    : Starting Servlet engine: [Apache Tomcat/11.0.15]
2026-01-18T17:35:48.011-05:00  INFO 84512 --- [Amazing project] [main] b.w.c.s.WebApplicationContextInitializer : Root WebApplicationContext: initialization completed in 227 ms
2026-01-18T17:35:48.108-05:00  INFO 84512 --- [Amazing project] [main] o.s.boot.tomcat.TomcatWebServer          : Tomcat started on port 8001 (http) with context path '/'
2026-01-18T17:35:48.111-05:00  INFO 84512 --- [Amazing project] [main] c.a.project.AmazingProjectApplication    : Started AmazingProjectApplication in 0.496 seconds (process running for 0.756)
2026-01-18T17:36:01.528-05:00  INFO 84512 --- [Amazing project] [http-nio-8001-exec-2] o.a.c.c.C.[Tomcat].[localhost].[/]       : Initializing Spring DispatcherServlet 'dispatcherServlet'
2026-01-18T17:36:01.529-05:00  INFO 84512 --- [Amazing project] [http-nio-8001-exec-2] o.s.web.servlet.DispatcherServlet        : Initializing Servlet 'dispatcherServlet'
2026-01-18T17:36:01.530-05:00  INFO 84512 --- [Amazing project] [http-nio-8001-exec-2] o.s.web.servlet.DispatcherServlet        : Completed initialization in 1 ms
2026-01-18T17:36:01.542-05:00  INFO 84512 --- [Amazing project] [http-nio-8001-exec-2] c.a.project.controllers.TestController   : getTestInfo started
2026-01-18T17:36:09.900-05:00  INFO 84512 --- [Amazing project] [http-nio-8001-exec-3] c.a.project.controllers.HomeController   : getHomeData started
2026-01-18T17:36:20.586-05:00  INFO 84512 --- [Amazing project] [SpringApplicationShutdownHook] o.s.boot.tomcat.GracefulShutdown         : Commencing graceful shutdown. Waiting for active requests to complete
2026-01-18T17:36:20.588-05:00  INFO 84512 --- [Amazing project] [tomcat-shutdown] o.s.boot.tomcat.GracefulShutdown         : Graceful shutdown complete
